c:\users\liming\documents\visual studio 2015\projects\helloworld\helloworld\debug\helloworld.pch
c:\users\liming\documents\visual studio 2015\projects\helloworld\helloworld\debug\vc140.pdb
c:\users\liming\documents\visual studio 2015\projects\helloworld\helloworld\debug\vc140.idb
c:\users\liming\documents\visual studio 2015\projects\helloworld\helloworld\debug\stdafx.obj
c:\users\liming\documents\visual studio 2015\projects\helloworld\helloworld\debug\dropfile.obj
c:\users\liming\documents\visual studio 2015\projects\helloworld\helloworld\debug\global.obj
c:\users\liming\documents\visual studio 2015\projects\helloworld\helloworld\debug\helloworld.obj
c:\users\liming\documents\visual studio 2015\projects\helloworld\helloworld\debug\system.obj
c:\users\liming\documents\visual studio 2015\projects\helloworld\helloworld\debug\helloworld.res
c:\users\liming\documents\visual studio 2015\projects\helloworld\debug\helloworld.pdb
c:\users\liming\documents\visual studio 2015\projects\helloworld\helloworld\debug\helloworld.tlog\cl.command.1.tlog
c:\users\liming\documents\visual studio 2015\projects\helloworld\helloworld\debug\helloworld.tlog\cl.read.1.tlog
c:\users\liming\documents\visual studio 2015\projects\helloworld\helloworld\debug\helloworld.tlog\cl.write.1.tlog
c:\users\liming\documents\visual studio 2015\projects\helloworld\helloworld\debug\helloworld.tlog\link-cvtres.read.1.tlog
c:\users\liming\documents\visual studio 2015\projects\helloworld\helloworld\debug\helloworld.tlog\link-cvtres.write.1.tlog
c:\users\liming\documents\visual studio 2015\projects\helloworld\helloworld\debug\helloworld.tlog\link-rc.read.1.tlog
c:\users\liming\documents\visual studio 2015\projects\helloworld\helloworld\debug\helloworld.tlog\link-rc.write.1.tlog
c:\users\liming\documents\visual studio 2015\projects\helloworld\helloworld\debug\helloworld.tlog\link.command.1.tlog
c:\users\liming\documents\visual studio 2015\projects\helloworld\helloworld\debug\helloworld.tlog\link.read.1.tlog
c:\users\liming\documents\visual studio 2015\projects\helloworld\helloworld\debug\helloworld.tlog\link.write.1.tlog
c:\users\liming\documents\visual studio 2015\projects\helloworld\helloworld\debug\helloworld.tlog\rc.command.1.tlog
c:\users\liming\documents\visual studio 2015\projects\helloworld\helloworld\debug\helloworld.tlog\rc.read.1.tlog
c:\users\liming\documents\visual studio 2015\projects\helloworld\helloworld\debug\helloworld.tlog\rc.write.1.tlog
